<?xml version="1.0" encoding="UTF-8"?>
<testng-results ignored="0" total="0" passed="0" failed="0" skipped="0">
  <reporter-output>
  </reporter-output>
  <suite started-at="2024-11-13T10:58:03 IST" name="TestRunner.TestRunner" finished-at="2024-11-13T10:58:03 IST" duration-ms="21">
    <groups>
    </groups>
    <test started-at="2024-11-13T10:58:03 IST" name="Command line test" finished-at="2024-11-13T10:58:03 IST" duration-ms="21">
    </test> <!-- Command line test -->
  </suite> <!-- TestRunner.TestRunner -->
</testng-results>
